0 info it worked if it ends with ok
1 verbose cli [ '/home/appiness-bed6/.nvm/v6.9.1/bin/node',
1 verbose cli   '/home/appiness-bed6/.nvm/v6.9.1/bin/npm',
1 verbose cli   'install',
1 verbose cli   'express',
1 verbose cli   '--save' ]
2 info using npm@3.10.8
3 info using node@v6.9.1
4 silly loadCurrentTree Starting
5 silly install loadCurrentTree
6 silly install readLocalPackageData
7 silly fetchPackageMetaData express
8 silly fetchNamedPackageData express
9 silly mapToRegistry name express
10 silly mapToRegistry using default registry
11 silly mapToRegistry registry https://registry.npmjs.org/
12 silly mapToRegistry data Result {
12 silly mapToRegistry   raw: 'express',
12 silly mapToRegistry   scope: null,
12 silly mapToRegistry   escapedName: 'express',
12 silly mapToRegistry   name: 'express',
12 silly mapToRegistry   rawSpec: '',
12 silly mapToRegistry   spec: 'latest',
12 silly mapToRegistry   type: 'tag' }
13 silly mapToRegistry uri https://registry.npmjs.org/express
14 verbose request uri https://registry.npmjs.org/express
15 verbose request no auth needed
16 info attempt registry request try #1 at 11:03:55 AM
17 verbose request using bearer token for auth
18 verbose request id 5576c387364c9567
19 verbose etag W/"582cc292-84fea"
20 verbose lastModified Wed, 16 Nov 2016 20:33:22 GMT
21 http request GET https://registry.npmjs.org/express
22 http 304 https://registry.npmjs.org/express
23 verbose headers { server: 'nginx/1.10.1',
23 verbose headers   'last-modified': 'Wed, 16 Nov 2016 20:33:22 GMT',
23 verbose headers   etag: '"582cc292-84fea"',
23 verbose headers   'cache-control': 'max-age=300',
23 verbose headers   'accept-ranges': 'bytes',
23 verbose headers   date: 'Thu, 17 Nov 2016 05:33:55 GMT',
23 verbose headers   via: '1.1 varnish',
23 verbose headers   connection: 'keep-alive',
23 verbose headers   'x-served-by': 'cache-sin6924-SIN',
23 verbose headers   'x-cache': 'MISS',
23 verbose headers   'x-cache-hits': '0',
23 verbose headers   'x-timer': 'S1479360835.746231,VS0,VE103',
23 verbose headers   vary: 'Accept-Encoding' }
24 silly get cb [ 304,
24 silly get   { server: 'nginx/1.10.1',
24 silly get     'last-modified': 'Wed, 16 Nov 2016 20:33:22 GMT',
24 silly get     etag: '"582cc292-84fea"',
24 silly get     'cache-control': 'max-age=300',
24 silly get     'accept-ranges': 'bytes',
24 silly get     date: 'Thu, 17 Nov 2016 05:33:55 GMT',
24 silly get     via: '1.1 varnish',
24 silly get     connection: 'keep-alive',
24 silly get     'x-served-by': 'cache-sin6924-SIN',
24 silly get     'x-cache': 'MISS',
24 silly get     'x-cache-hits': '0',
24 silly get     'x-timer': 'S1479360835.746231,VS0,VE103',
24 silly get     vary: 'Accept-Encoding' } ]
25 verbose etag https://registry.npmjs.org/express from cache
26 verbose get saving express to /home/appiness-bed6/.npm/registry.npmjs.org/express/.cache.json
27 verbose correctMkdir /home/appiness-bed6/.npm correctMkdir not in flight; initializing
28 silly install normalizeTree
29 silly loadCurrentTree Finishing
30 silly loadIdealTree Starting
31 silly install loadIdealTree
32 silly cloneCurrentTree Starting
33 silly install cloneCurrentTreeToIdealTree
34 silly cloneCurrentTree Finishing
35 silly loadShrinkwrap Starting
36 silly install loadShrinkwrap
37 silly loadShrinkwrap Finishing
38 silly loadAllDepsIntoIdealTree Starting
39 silly install loadAllDepsIntoIdealTree
40 silly rollbackFailedOptional Starting
41 silly rollbackFailedOptional Finishing
42 silly runTopLevelLifecycles Finishing
43 silly install printInstalled
44 verbose stack Error: Refusing to install express as a dependency of itself
44 verbose stack     at checkSelf (/home/appiness-bed6/.nvm/v6.9.1/lib/node_modules/npm/lib/install/validate-args.js:53:14)
44 verbose stack     at Array.<anonymous> (/home/appiness-bed6/.nvm/v6.9.1/lib/node_modules/npm/node_modules/slide/lib/bind-actor.js:15:8)
44 verbose stack     at LOOP (/home/appiness-bed6/.nvm/v6.9.1/lib/node_modules/npm/node_modules/slide/lib/chain.js:15:14)
44 verbose stack     at chain (/home/appiness-bed6/.nvm/v6.9.1/lib/node_modules/npm/node_modules/slide/lib/chain.js:20:5)
44 verbose stack     at /home/appiness-bed6/.nvm/v6.9.1/lib/node_modules/npm/lib/install/validate-args.js:16:5
44 verbose stack     at /home/appiness-bed6/.nvm/v6.9.1/lib/node_modules/npm/node_modules/slide/lib/async-map.js:52:35
44 verbose stack     at Array.forEach (native)
44 verbose stack     at /home/appiness-bed6/.nvm/v6.9.1/lib/node_modules/npm/node_modules/slide/lib/async-map.js:52:11
44 verbose stack     at Array.forEach (native)
44 verbose stack     at asyncMap (/home/appiness-bed6/.nvm/v6.9.1/lib/node_modules/npm/node_modules/slide/lib/async-map.js:51:8)
45 verbose cwd /home/appiness-bed6/Desktop/nodejs/nodejs/nodejs/express_demo
46 error Linux 4.4.0-38-generic
47 error argv "/home/appiness-bed6/.nvm/v6.9.1/bin/node" "/home/appiness-bed6/.nvm/v6.9.1/bin/npm" "install" "express" "--save"
48 error node v6.9.1
49 error npm  v3.10.8
50 error code ENOSELF
51 error Refusing to install express as a dependency of itself
52 error If you need help, you may report this error at:
52 error     <https://github.com/npm/npm/issues>
53 verbose exit [ 1, true ]
